{"numTotalTestSuites":1,"numPassedTestSuites":1,"numFailedTestSuites":0,"numPendingTestSuites":0,"numTotalTests":9,"numPassedTests":9,"numFailedTests":0,"numPendingTests":0,"numTodoTests":0,"snapshot":{"added":0,"failure":false,"filesAdded":0,"filesRemoved":0,"filesRemovedList":[],"filesUnmatched":0,"filesUpdated":0,"matched":0,"total":0,"unchecked":0,"uncheckedKeysByFile":[],"unmatched":0,"updated":0,"didUpdate":false},"startTime":1776415069489,"success":true,"testResults":[{"assertionResults":[{"ancestorTitles":[],"fullName":"checkout blocks step progression until traveler details are complete","status":"passed","title":"checkout blocks step progression until traveler details are complete","duration":2692.4921999999997,"failureMessages":[],"meta":{}},{"ancestorTitles":[],"fullName":"checkout email field exposes invalid semantics when email format is wrong","status":"passed","title":"checkout email field exposes invalid semantics when email format is wrong","duration":2435.5057000000006,"failureMessages":[],"meta":{}},{"ancestorTitles":[],"fullName":"checkout keyboard flow can reach final step after valid traveler details","status":"passed","title":"checkout keyboard flow can reach final step after valid traveler details","duration":2632.7981999999993,"failureMessages":[],"meta":{}},{"ancestorTitles":[],"fullName":"confirm payment stays disabled until final step and required inputs are complete","status":"passed","title":"confirm payment stays disabled until final step and required inputs are complete","duration":2803.9373000000014,"failureMessages":[],"meta":{}},{"ancestorTitles":[],"fullName":"checkout stepper updates aria-current and completed labels across steps","status":"passed","title":"checkout stepper updates aria-current and completed labels across steps","duration":2007.6006000000016,"failureMessages":[],"meta":{}},{"ancestorTitles":[],"fullName":"checkout navigation controls update focus and enabled states across steps","status":"passed","title":"checkout navigation controls update focus and enabled states across steps","duration":2481.778699999999,"failureMessages":[],"meta":{}},{"ancestorTitles":[],"fullName":"checkout status messaging moves from readiness warning to busy processing state","status":"passed","title":"checkout status messaging moves from readiness warning to busy processing state","duration":2874.8178000000007,"failureMessages":[],"meta":{}},{"ancestorTitles":[],"fullName":"manual retry payment succeeds after an initial payment failure","status":"passed","title":"manual retry payment succeeds after an initial payment failure","duration":3142.642799999998,"failureMessages":[],"meta":{}},{"ancestorTitles":[],"fullName":"checkout smart recommendation applies split and funding controls","status":"passed","title":"checkout smart recommendation applies split and funding controls","duration":2552.309799999999,"failureMessages":[],"meta":{}}],"startTime":1776415073608,"endTime":1776415097233.3098,"status":"passed","message":"","name":"C:/Users/singh/OneDrive/Documents/BEGINNER/OOPS/AeroPay_Elite/web/src/CheckoutFlow.integration.test.jsx"}]}